
<http://www.w3.org/1999/02/22-rdf-syntax-ns#> is not a recognized character command
<http://xmlns.com/foaf/0.1/> is not a recognized character command
<http://resources.isisbibliography.org/> is not a recognized character command
<http://resources.isisbibliography.org/authority> is not a recognized character command
<http://dbpedia.org/ontology/> is not a recognized character command
<http://www.w3.org/1999/02/22-rdf-syntax-ns#> is not a recognized character command
<http://xmlns.com/foaf/0.1/> is not a recognized character command
<http://resources.isisbibliography.org/> is not a recognized character command
<http://resources.isisbibliography.org/authority> is not a recognized character command
<http://dbpedia.org/ontology/> is not a recognized character command
<r"> is not a recognized character command
<r"> is not a recognized character command
<'> is not a recognized character command
<'> is not a recognized character command
<i-> is not a recognized character command
<i-> is not a recognized character command
<i-> is not a recognized character command
<i-> is not a recognized character command
<'> is not a recognized character command
<'> is not a recognized character command
<`> is not a recognized character command
<`> is not a recognized character command
<'> is not a recognized character command
<'> is not a recognized character command
<`> is not a recognized character command
<`> is not a recognized character command
<'> is not a recognized character command
<'> is not a recognized character command
<n=> is not a recognized character command